0 info it worked if it ends with ok
1 verbose cli [ 'C:\\Program Files\\nodejs\\node.exe',
1 verbose cli   'C:\\Program Files\\nodejs\\node_modules\\npm\\bin\\npm-cli.js',
1 verbose cli   'publish' ]
2 info using npm@3.10.10
3 info using node@v6.11.2
4 verbose publish [ '.' ]
5 silly cache add args [ '.', null ]
6 verbose cache add spec .
7 silly cache add parsed spec Result {
7 silly cache add   raw: '.',
7 silly cache add   scope: null,
7 silly cache add   escapedName: null,
7 silly cache add   name: null,
7 silly cache add   rawSpec: '.',
7 silly cache add   spec: 'C:\\Users\\Bruno\\Projetos\\get-eth',
7 silly cache add   type: 'directory' }
8 verbose addLocalDirectory C:\Users\Bruno\AppData\Roaming\npm-cache\get-eth\0.6.1\package.tgz not in flight; packing
9 verbose correctMkdir C:\Users\Bruno\AppData\Roaming\npm-cache correctMkdir not in flight; initializing
10 info lifecycle get-eth@0.6.1~prepublish: get-eth@0.6.1
11 silly lifecycle get-eth@0.6.1~prepublish: no script for prepublish, continuing
12 verbose tar pack [ 'C:\\Users\\Bruno\\AppData\\Roaming\\npm-cache\\get-eth\\0.6.1\\package.tgz',
12 verbose tar pack   'C:\\Users\\Bruno\\Projetos\\get-eth' ]
13 verbose tarball C:\Users\Bruno\AppData\Roaming\npm-cache\get-eth\0.6.1\package.tgz
14 verbose folder C:\Users\Bruno\Projetos\get-eth
15 verbose addLocalTarball adding from inside cache C:\Users\Bruno\AppData\Roaming\npm-cache\get-eth\0.6.1\package.tgz
16 verbose correctMkdir C:\Users\Bruno\AppData\Roaming\npm-cache correctMkdir not in flight; initializing
17 silly cache afterAdd get-eth@0.6.1
18 verbose afterAdd C:\Users\Bruno\AppData\Roaming\npm-cache\get-eth\0.6.1\package\package.json not in flight; writing
19 verbose correctMkdir C:\Users\Bruno\AppData\Roaming\npm-cache correctMkdir not in flight; initializing
20 verbose afterAdd C:\Users\Bruno\AppData\Roaming\npm-cache\get-eth\0.6.1\package\package.json written
21 silly publish { name: 'get-eth',
21 silly publish   version: '0.6.1',
21 silly publish   description: 'Module designed to get local eths on IPv4 networks',
21 silly publish   main: 'app.js',
21 silly publish   scripts: { test: 'node test.js' },
21 silly publish   repository:
21 silly publish    { type: 'git',
21 silly publish      url: 'git+https://github.com/brunohl91/get-eth.git' },
21 silly publish   keywords: [ 'eth', 'network', 'node', 'ipv4' ],
21 silly publish   author: { name: 'Bruno Leite' },
21 silly publish   license: 'MIT',
21 silly publish   bugs: { url: 'https://github.com/brunohl91/get-eth/issues' },
21 silly publish   homepage: 'https://github.com/brunohl91/get-eth#readme',
21 silly publish   readme: '# get-eth\r\n\r\n[![NPM](https://nodei.co/npm-dl/get-eth.png)](https://nodei.co/npm-dl/get-eth/)\r\n\r\nThis module was designed to retrieve client network interfaces.\r\n\r\nInstalling\r\n--------\r\n\r\nThe module is installed by npm\r\n\r\n```\r\nnpm install --save get-eth\r\n```\r\n\r\nExample usage\r\n--------\r\n\r\nExample usage can be found on test.js\r\n\r\n```\r\n\'use strict\';\r\n\r\nconst eth = require(\'get-eth\');\r\nlet eths = eth.get();\r\nconsole.log(eths);\r\n```',
21 silly publish   readmeFilename: 'README.md',
21 silly publish   gitHead: '42c6c6e7eee83f925c42264a3c9fcef8d56046f8',
21 silly publish   _id: 'get-eth@0.6.1',
21 silly publish   _shasum: '140b0991e7cbe752bc96e390ed3a13c62a194902',
21 silly publish   _from: '.' }
22 verbose getPublishConfig undefined
23 silly mapToRegistry name get-eth
24 silly mapToRegistry using default registry
25 silly mapToRegistry registry https://registry.npmjs.org/
26 silly mapToRegistry data Result {
26 silly mapToRegistry   raw: 'get-eth',
26 silly mapToRegistry   scope: null,
26 silly mapToRegistry   escapedName: 'get-eth',
26 silly mapToRegistry   name: 'get-eth',
26 silly mapToRegistry   rawSpec: '',
26 silly mapToRegistry   spec: 'latest',
26 silly mapToRegistry   type: 'tag' }
27 silly mapToRegistry uri https://registry.npmjs.org/get-eth
28 verbose publish registryBase https://registry.npmjs.org/
29 silly publish uploading C:\Users\Bruno\AppData\Roaming\npm-cache\get-eth\0.6.1\package.tgz
30 verbose request uri https://registry.npmjs.org/get-eth
31 verbose request sending authorization for write operation
32 info attempt registry request try #1 at 10:40:24
33 verbose request using bearer token for auth
34 verbose request id 9938c68fa041233e
35 http request PUT https://registry.npmjs.org/get-eth
36 http 403 https://registry.npmjs.org/get-eth
37 verbose headers { 'content-type': 'application/json',
37 verbose headers   'cache-control': 'max-age=300',
37 verbose headers   'content-length': '91',
37 verbose headers   'accept-ranges': 'bytes',
37 verbose headers   date: 'Fri, 22 Sep 2017 13:40:27 GMT',
37 verbose headers   via: '1.1 varnish',
37 verbose headers   connection: 'keep-alive',
37 verbose headers   'x-served-by': 'cache-gru17133-GRU',
37 verbose headers   'x-cache': 'MISS',
37 verbose headers   'x-cache-hits': '0',
37 verbose headers   'x-timer': 'S1506087627.125396,VS0,VE329',
37 verbose headers   vary: 'Accept-Encoding, Accept' }
38 verbose request invalidating C:\Users\Bruno\AppData\Roaming\npm-cache\registry.npmjs.org\get-eth on PUT
39 error publish Failed PUT 403
40 verbose stack Error: You cannot publish over the previously published version 0.6.1. : get-eth
40 verbose stack     at makeError (C:\Program Files\nodejs\node_modules\npm\node_modules\npm-registry-client\lib\request.js:302:12)
40 verbose stack     at CachingRegistryClient.<anonymous> (C:\Program Files\nodejs\node_modules\npm\node_modules\npm-registry-client\lib\request.js:290:14)
40 verbose stack     at Request._callback (C:\Program Files\nodejs\node_modules\npm\node_modules\npm-registry-client\lib\request.js:210:14)
40 verbose stack     at Request.self.callback (C:\Program Files\nodejs\node_modules\npm\node_modules\request\request.js:187:22)
40 verbose stack     at emitTwo (events.js:106:13)
40 verbose stack     at Request.emit (events.js:191:7)
40 verbose stack     at Request.<anonymous> (C:\Program Files\nodejs\node_modules\npm\node_modules\request\request.js:1048:10)
40 verbose stack     at emitOne (events.js:96:13)
40 verbose stack     at Request.emit (events.js:188:7)
40 verbose stack     at IncomingMessage.<anonymous> (C:\Program Files\nodejs\node_modules\npm\node_modules\request\request.js:969:12)
41 verbose statusCode 403
42 verbose pkgid get-eth
43 verbose cwd C:\Users\Bruno\Projetos\get-eth
44 error Windows_NT 6.3.9600
45 error argv "C:\\Program Files\\nodejs\\node.exe" "C:\\Program Files\\nodejs\\node_modules\\npm\\bin\\npm-cli.js" "publish"
46 error node v6.11.2
47 error npm  v3.10.10
48 error code E403
49 error You cannot publish over the previously published version 0.6.1. : get-eth
50 error If you need help, you may report this error at:
50 error     <https://github.com/npm/npm/issues>
51 verbose exit [ 1, true ]
